<?xml version="1.0" encoding="UTF-8"?>
<!-- Generated by org.testng.reporters.JUnitReportReporter -->
<testsuite hostname="IN-C8QVBY3" failures="0" tests="1" name="testRunner.MyTestRunner" time="81.113" errors="0" timestamp="2025-01-11T15:08:33 IST" skipped="0">
  <testcase classname="testRunner.MyTestRunner" name="runScenario" time="81.113"/>
</testsuite> <!-- testRunner.MyTestRunner -->
